<?xml version="1.0" encoding="UTF-8"?>
<testng-results skipped="0" failed="0" ignored="0" total="1" passed="1">
  <reporter-output>
  </reporter-output>
  <suite name="Default suite" duration-ms="32492" started-at="2020-09-22T10:12:33Z" finished-at="2020-09-22T10:13:06Z">
    <groups>
    </groups>
    <test name="Default test" duration-ms="32492" started-at="2020-09-22T10:12:33Z" finished-at="2020-09-22T10:13:06Z">
      <class name="SeleniumUnix.SeleniumTest">
        <test-method status="PASS" signature="test()[pri:0, instance:SeleniumUnix.SeleniumTest@6a4f787b]" name="test" duration-ms="32454" started-at="2020-09-22T10:12:33Z" finished-at="2020-09-22T10:13:06Z">
          <reporter-output>
          </reporter-output>
        </test-method> <!-- test -->
      </class> <!-- SeleniumUnix.SeleniumTest -->
    </test> <!-- Default test -->
  </suite> <!-- Default suite -->
</testng-results>
